[2023-10-27 22:18:39] local.ERROR: Cannot declare class CreateFormsTable, because the name is already in use {"exception":"[object] (Symfony\\Component\\ErrorHandler\\Error\\FatalError(code: 0): Cannot declare class CreateFormsTable, because the name is already in use at C:\\Users\\Felipe\\Desktop\\PI\\Novo\\HAS\\database\\migrations\\2023_10_27_221650_create_contatos_table.php:5)
[stacktrace]
#0 {main}
"} 
[2023-10-27 22:20:28] local.ERROR: Cannot declare class CreateFormsTable, because the name is already in use {"exception":"[object] (Symfony\\Component\\ErrorHandler\\Error\\FatalError(code: 0): Cannot declare class CreateFormsTable, because the name is already in use at C:\\Users\\Felipe\\Desktop\\PI\\Novo\\HAS\\database\\migrations\\2023_10_27_221650_create_contatos_table.php:5)
[stacktrace]
#0 {main}
"} 
[2023-10-27 22:20:51] local.ERROR: Cannot declare class CreateContatoTable, because the name is already in use {"exception":"[object] (Symfony\\Component\\ErrorHandler\\Error\\FatalError(code: 0): Cannot declare class CreateContatoTable, because the name is already in use at C:\\Users\\Felipe\\Desktop\\PI\\Novo\\HAS\\database\\migrations\\2023_10_27_221650_create_contatos_table.php:5)
[stacktrace]
#0 {main}
"} 
[2023-10-27 22:22:04] local.ERROR: Cannot declare class CreateContatoTable, because the name is already in use {"exception":"[object] (Symfony\\Component\\ErrorHandler\\Error\\FatalError(code: 0): Cannot declare class CreateContatoTable, because the name is already in use at C:\\Users\\Felipe\\Desktop\\PI\\Novo\\HAS\\database\\migrations\\2023_10_27_221650_create_contatos_table.php:5)
[stacktrace]
#0 {main}
"} 
[2023-10-27 22:34:47] local.ERROR: Class "App\Http\Controllers\Form" not found {"exception":"[object] (Error(code: 0): Class \"App\\Http\\Controllers\\Form\" not found at C:\\Users\\Felipe\\Desktop\\PI\\Novo\\HAS\\app\\Http\\Controllers\\ContatoValidationController.php:22)
[stacktrace]
#0 C:\\Users\\Felipe\\Desktop\\PI\\Novo\\HAS\\vendor\\laravel\\framework\\src\\Illuminate\\Routing\\Controller.php(54): App\\Http\\Controllers\\ContatoValidationController->UserContato()
#1 C:\\Users\\Felipe\\Desktop\\PI\\Novo\\HAS\\vendor\\laravel\\framework\\src\\Illuminate\\Routing\\ControllerDispatcher.php(43): Illuminate\\Routing\\Controller->callAction()
#2 C:\\Users\\Felipe\\Desktop\\PI\\Novo\\HAS\\vendor\\laravel\\framework\\src\\Illuminate\\Routing\\Route.php(260): Illuminate\\Routing\\ControllerDispatcher->dispatch()
#3 C:\\Users\\Felipe\\Desktop\\PI\\Novo\\HAS\\vendor\\laravel\\framework\\src\\Illuminate\\Routing\\Route.php(205): Illuminate\\Routing\\Route->runController()
#4 C:\\Users\\Felipe\\Desktop\\PI\\Novo\\HAS\\vendor\\laravel\\framework\\src\\Illuminate\\Routing\\Router.php(799): Illuminate\\Routing\\Route->run()
#5 C:\\Users\\Felipe\\Desktop\\PI\\Novo\\HAS\\vendor\\laravel\\framework\\src\\Illuminate\\Pipeline\\Pipeline.php(141): Illuminate\\Routing\\Router->Illuminate\\Routing\\{closure}()
#6 C:\\Users\\Felipe\\Desktop\\PI\\Novo\\HAS\\vendor\\laravel\\framework\\src\\Illuminate\\Routing\\Middleware\\SubstituteBindings.php(50): Illuminate\\Pipeline\\Pipeline->Illuminate\\Pipeline\\{closure}()
#7 C:\\Users\\Felipe\\Desktop\\PI\\Novo\\HAS\\vendor\\laravel\\framework\\src\\Illuminate\\Pipeline\\Pipeline.php(180): Illuminate\\Routing\\Middleware\\SubstituteBindings->handle()
#8 C:\\Users\\Felipe\\Desktop\\PI\\Novo\\HAS\\vendor\\laravel\\framework\\src\\Illuminate\\Foundation\\Http\\Middleware\\VerifyCsrfToken.php(78): Illuminate\\Pipeline\\Pipeline->Illuminate\\Pipeline\\{closure}()
#9 C:\\Users\\Felipe\\Desktop\\PI\\Novo\\HAS\\vendor\\laravel\\framework\\src\\Illuminate\\Pipeline\\Pipeline.php(180): Illuminate\\Foundation\\Http\\Middleware\\VerifyCsrfToken->handle()
#10 C:\\Users\\Felipe\\Desktop\\PI\\Novo\\HAS\\vendor\\laravel\\framework\\src\\Illuminate\\View\\Middleware\\ShareErrorsFromSession.php(49): Illuminate\\Pipeline\\Pipeline->Illuminate\\Pipeline\\{closure}()
#11 C:\\Users\\Felipe\\Desktop\\PI\\Novo\\HAS\\vendor\\laravel\\framework\\src\\Illuminate\\Pipeline\\Pipeline.php(180): Illuminate\\View\\Middleware\\ShareErrorsFromSession->handle()
#12 C:\\Users\\Felipe\\Desktop\\PI\\Novo\\HAS\\vendor\\laravel\\framework\\src\\Illuminate\\Session\\Middleware\\StartSession.php(121): Illuminate\\Pipeline\\Pipeline->Illuminate\\Pipeline\\{closure}()
#13 C:\\Users\\Felipe\\Desktop\\PI\\Novo\\HAS\\vendor\\laravel\\framework\\src\\Illuminate\\Session\\Middleware\\StartSession.php(64): Illuminate\\Session\\Middleware\\StartSession->handleStatefulRequest()
#14 C:\\Users\\Felipe\\Desktop\\PI\\Novo\\HAS\\vendor\\laravel\\framework\\src\\Illuminate\\Pipeline\\Pipeline.php(180): Illuminate\\Session\\Middleware\\StartSession->handle()
#15 C:\\Users\\Felipe\\Desktop\\PI\\Novo\\HAS\\vendor\\laravel\\framework\\src\\Illuminate\\Cookie\\Middleware\\AddQueuedCookiesToResponse.php(37): Illuminate\\Pipeline\\Pipeline->Illuminate\\Pipeline\\{closure}()
#16 C:\\Users\\Felipe\\Desktop\\PI\\Novo\\HAS\\vendor\\laravel\\framework\\src\\Illuminate\\Pipeline\\Pipeline.php(180): Illuminate\\Cookie\\Middleware\\AddQueuedCookiesToResponse->handle()
#17 C:\\Users\\Felipe\\Desktop\\PI\\Novo\\HAS\\vendor\\laravel\\framework\\src\\Illuminate\\Cookie\\Middleware\\EncryptCookies.php(67): Illuminate\\Pipeline\\Pipeline->Illuminate\\Pipeline\\{closure}()
#18 C:\\Users\\Felipe\\Desktop\\PI\\Novo\\HAS\\vendor\\laravel\\framework\\src\\Illuminate\\Pipeline\\Pipeline.php(180): Illuminate\\Cookie\\Middleware\\EncryptCookies->handle()
#19 C:\\Users\\Felipe\\Desktop\\PI\\Novo\\HAS\\vendor\\laravel\\framework\\src\\Illuminate\\Pipeline\\Pipeline.php(116): Illuminate\\Pipeline\\Pipeline->Illuminate\\Pipeline\\{closure}()
#20 C:\\Users\\Felipe\\Desktop\\PI\\Novo\\HAS\\vendor\\laravel\\framework\\src\\Illuminate\\Routing\\Router.php(800): Illuminate\\Pipeline\\Pipeline->then()
#21 C:\\Users\\Felipe\\Desktop\\PI\\Novo\\HAS\\vendor\\laravel\\framework\\src\\Illuminate\\Routing\\Router.php(777): Illuminate\\Routing\\Router->runRouteWithinStack()
#22 C:\\Users\\Felipe\\Desktop\\PI\\Novo\\HAS\\vendor\\laravel\\framework\\src\\Illuminate\\Routing\\Router.php(741): Illuminate\\Routing\\Router->runRoute()
#23 C:\\Users\\Felipe\\Desktop\\PI\\Novo\\HAS\\vendor\\laravel\\framework\\src\\Illuminate\\Routing\\Router.php(730): Illuminate\\Routing\\Router->dispatchToRoute()
#24 C:\\Users\\Felipe\\Desktop\\PI\\Novo\\HAS\\vendor\\laravel\\framework\\src\\Illuminate\\Foundation\\Http\\Kernel.php(200): Illuminate\\Routing\\Router->dispatch()
#25 C:\\Users\\Felipe\\Desktop\\PI\\Novo\\HAS\\vendor\\laravel\\framework\\src\\Illuminate\\Pipeline\\Pipeline.php(141): Illuminate\\Foundation\\Http\\Kernel->Illuminate\\Foundation\\Http\\{closure}()
#26 C:\\Users\\Felipe\\Desktop\\PI\\Novo\\HAS\\vendor\\laravel\\framework\\src\\Illuminate\\Foundation\\Http\\Middleware\\TransformsRequest.php(21): Illuminate\\Pipeline\\Pipeline->Illuminate\\Pipeline\\{closure}()
#27 C:\\Users\\Felipe\\Desktop\\PI\\Novo\\HAS\\vendor\\laravel\\framework\\src\\Illuminate\\Foundation\\Http\\Middleware\\ConvertEmptyStringsToNull.php(31): Illuminate\\Foundation\\Http\\Middleware\\TransformsRequest->handle()
#28 C:\\Users\\Felipe\\Desktop\\PI\\Novo\\HAS\\vendor\\laravel\\framework\\src\\Illuminate\\Pipeline\\Pipeline.php(180): Illuminate\\Foundation\\Http\\Middleware\\ConvertEmptyStringsToNull->handle()
#29 C:\\Users\\Felipe\\Desktop\\PI\\Novo\\HAS\\vendor\\laravel\\framework\\src\\Illuminate\\Foundation\\Http\\Middleware\\TransformsRequest.php(21): Illuminate\\Pipeline\\Pipeline->Illuminate\\Pipeline\\{closure}()
#30 C:\\Users\\Felipe\\Desktop\\PI\\Novo\\HAS\\vendor\\laravel\\framework\\src\\Illuminate\\Foundation\\Http\\Middleware\\TrimStrings.php(40): Illuminate\\Foundation\\Http\\Middleware\\TransformsRequest->handle()
#31 C:\\Users\\Felipe\\Desktop\\PI\\Novo\\HAS\\vendor\\laravel\\framework\\src\\Illuminate\\Pipeline\\Pipeline.php(180): Illuminate\\Foundation\\Http\\Middleware\\TrimStrings->handle()
#32 C:\\Users\\Felipe\\Desktop\\PI\\Novo\\HAS\\vendor\\laravel\\framework\\src\\Illuminate\\Foundation\\Http\\Middleware\\ValidatePostSize.php(27): Illuminate\\Pipeline\\Pipeline->Illuminate\\Pipeline\\{closure}()
#33 C:\\Users\\Felipe\\Desktop\\PI\\Novo\\HAS\\vendor\\laravel\\framework\\src\\Illuminate\\Pipeline\\Pipeline.php(180): Illuminate\\Foundation\\Http\\Middleware\\ValidatePostSize->handle()
#34 C:\\Users\\Felipe\\Desktop\\PI\\Novo\\HAS\\vendor\\laravel\\framework\\src\\Illuminate\\Foundation\\Http\\Middleware\\PreventRequestsDuringMaintenance.php(99): Illuminate\\Pipeline\\Pipeline->Illuminate\\Pipeline\\{closure}()
#35 C:\\Users\\Felipe\\Desktop\\PI\\Novo\\HAS\\vendor\\laravel\\framework\\src\\Illuminate\\Pipeline\\Pipeline.php(180): Illuminate\\Foundation\\Http\\Middleware\\PreventRequestsDuringMaintenance->handle()
#36 C:\\Users\\Felipe\\Desktop\\PI\\Novo\\HAS\\vendor\\laravel\\framework\\src\\Illuminate\\Http\\Middleware\\HandleCors.php(49): Illuminate\\Pipeline\\Pipeline->Illuminate\\Pipeline\\{closure}()
#37 C:\\Users\\Felipe\\Desktop\\PI\\Novo\\HAS\\vendor\\laravel\\framework\\src\\Illuminate\\Pipeline\\Pipeline.php(180): Illuminate\\Http\\Middleware\\HandleCors->handle()
#38 C:\\Users\\Felipe\\Desktop\\PI\\Novo\\HAS\\vendor\\laravel\\framework\\src\\Illuminate\\Http\\Middleware\\TrustProxies.php(39): Illuminate\\Pipeline\\Pipeline->Illuminate\\Pipeline\\{closure}()
#39 C:\\Users\\Felipe\\Desktop\\PI\\Novo\\HAS\\vendor\\laravel\\framework\\src\\Illuminate\\Pipeline\\Pipeline.php(180): Illuminate\\Http\\Middleware\\TrustProxies->handle()
#40 C:\\Users\\Felipe\\Desktop\\PI\\Novo\\HAS\\vendor\\laravel\\framework\\src\\Illuminate\\Pipeline\\Pipeline.php(116): Illuminate\\Pipeline\\Pipeline->Illuminate\\Pipeline\\{closure}()
#41 C:\\Users\\Felipe\\Desktop\\PI\\Novo\\HAS\\vendor\\laravel\\framework\\src\\Illuminate\\Foundation\\Http\\Kernel.php(175): Illuminate\\Pipeline\\Pipeline->then()
#42 C:\\Users\\Felipe\\Desktop\\PI\\Novo\\HAS\\vendor\\laravel\\framework\\src\\Illuminate\\Foundation\\Http\\Kernel.php(144): Illuminate\\Foundation\\Http\\Kernel->sendRequestThroughRouter()
#43 C:\\Users\\Felipe\\Desktop\\PI\\Novo\\HAS\\public\\index.php(52): Illuminate\\Foundation\\Http\\Kernel->handle()
#44 C:\\Users\\Felipe\\Desktop\\PI\\Novo\\HAS\\vendor\\laravel\\framework\\src\\Illuminate\\Foundation\\resources\\server.php(16): require_once('...')
#45 {main}
"} 
